<?xml version="1.0" ?>
<testsuites disabled="0" errors="0" failures="0" tests="380" time="0.0">
	<testsuite disabled="0" errors="0" failures="0" name="terraform scan" skipped="16" tests="380" time="0">
		<properties>
			<property name="directory" value="['./iac']"/>
			<property name="add_check" value="False"/>
			<property name="list" value="False"/>
			<property name="output" value="['junitxml']"/>
			<property name="output_file_path" value="./iac/results.xml"/>
			<property name="output_bc_ids" value="False"/>
			<property name="include_all_checkov_policies" value="True"/>
			<property name="quiet" value="False"/>
			<property name="compact" value="False"/>
			<property name="framework" value="['all']"/>
			<property name="skip_framework" value="[]"/>
			<property name="run_all_external_checks" value="False"/>
			<property name="soft_fail" value="False"/>
			<property name="skip_results_upload" value="False"/>
			<property name="repo_id" value="cli_repo/iac"/>
			<property name="branch" value="master"/>
			<property name="skip_download" value="False"/>
			<property name="use_enforcement_rules" value="False"/>
			<property name="external_modules_download_path" value=".external_modules"/>
			<property name="evaluate_variables" value="True"/>
			<property name="no_cert_verify" value="False"/>
			<property name="create_baseline" value="False"/>
			<property name="output_baseline_as_skipped" value="False"/>
			<property name="secrets_scan_file_type" value="[]"/>
			<property name="enable_secret_scan_all_files" value="False"/>
			<property name="block_list_secret_scan" value="[]"/>
			<property name="summary_position" value="top"/>
			<property name="skip_resources_without_violations" value="False"/>
			<property name="deep_analysis" value="False"/>
			<property name="no_fail_on_crash" value="False"/>
			<property name="mask" value="defaultdict(&lt;class 'set'&gt;, {})"/>
			<property name="scan_secrets_history" value="False"/>
			<property name="secrets_history_timeout" value="12h"/>
			<property name="custom_tool_name" value="Checkov"/>
		</properties>
		<testcase name="[NONE][CKV_AWS_393] Ensure AWS GitHub Actions OIDC authorization policies only allow safe claims and claim order on IAM role" classname="\iam\main.tf.module.iam.aws_iam_role.terraform[&quot;messaging&quot;]" file="\iam\main.tf"/>
		<testcase name="[NONE][CKV_AWS_274] Disallow IAM roles, users, and groups from using the AWS AdministratorAccess policy" classname="\iam\main.tf.module.iam.aws_iam_role.terraform[&quot;messaging&quot;]" file="\iam\main.tf"/>
		<testcase name="[NONE][CKV_AWS_61] Ensure AWS IAM policy does not allow assume role permission across all services" classname="\iam\main.tf.module.iam.aws_iam_role.terraform[&quot;messaging&quot;]" file="\iam\main.tf"/>
		<testcase name="[NONE][CKV_AWS_60] Ensure IAM role allows only specific services or principals to assume it" classname="\iam\main.tf.module.iam.aws_iam_role.terraform[&quot;messaging&quot;]" file="\iam\main.tf"/>
		<testcase name="[NONE][CKV_AWS_62] Ensure IAM policies that allow full &quot;*-*&quot; administrative privileges are not created" classname="\iam\main.tf.module.iam.aws_iam_policy.terraform[&quot;messaging&quot;]" file="\iam\main.tf"/>
		<testcase name="[NONE][CKV_AWS_63] Ensure no IAM policies documents allow &quot;*&quot; as a statement's actions" classname="\iam\main.tf.module.iam.aws_iam_policy.terraform[&quot;messaging&quot;]" file="\iam\main.tf"/>
		<testcase name="[NONE][CKV_AWS_274] Disallow IAM roles, users, and groups from using the AWS AdministratorAccess policy" classname="\iam\main.tf.module.iam.aws_iam_role_policy_attachment.terraform[&quot;messaging&quot;]" file="\iam\main.tf"/>
		<testcase name="[NONE][CKV_AWS_393] Ensure AWS GitHub Actions OIDC authorization policies only allow safe claims and claim order on IAM role" classname="\iam\main.tf.module.iam.aws_iam_role.ecs_execution" file="\iam\main.tf"/>
		<testcase name="[NONE][CKV_AWS_274] Disallow IAM roles, users, and groups from using the AWS AdministratorAccess policy" classname="\iam\main.tf.module.iam.aws_iam_role.ecs_execution" file="\iam\main.tf"/>
		<testcase name="[NONE][CKV_AWS_61] Ensure AWS IAM policy does not allow assume role permission across all services" classname="\iam\main.tf.module.iam.aws_iam_role.ecs_execution" file="\iam\main.tf"/>
		<testcase name="[NONE][CKV_AWS_60] Ensure IAM role allows only specific services or principals to assume it" classname="\iam\main.tf.module.iam.aws_iam_role.ecs_execution" file="\iam\main.tf"/>
		<testcase name="[NONE][CKV_AWS_62] Ensure IAM policies that allow full &quot;*-*&quot; administrative privileges are not created" classname="\iam\main.tf.module.iam.aws_iam_policy.ecs_execution" file="\iam\main.tf"/>
		<testcase name="[NONE][CKV_AWS_63] Ensure no IAM policies documents allow &quot;*&quot; as a statement's actions" classname="\iam\main.tf.module.iam.aws_iam_policy.ecs_execution" file="\iam\main.tf"/>
		<testcase name="[NONE][CKV_AWS_274] Disallow IAM roles, users, and groups from using the AWS AdministratorAccess policy" classname="\iam\main.tf.module.iam.aws_iam_role_policy_attachment.ecs_execution" file="\iam\main.tf"/>
		<testcase name="[NONE][CKV_AWS_393] Ensure AWS GitHub Actions OIDC authorization policies only allow safe claims and claim order on IAM role" classname="\iam\main.tf.module.iam.aws_iam_role.ecs_task" file="\iam\main.tf"/>
		<testcase name="[NONE][CKV_AWS_274] Disallow IAM roles, users, and groups from using the AWS AdministratorAccess policy" classname="\iam\main.tf.module.iam.aws_iam_role.ecs_task" file="\iam\main.tf"/>
		<testcase name="[NONE][CKV_AWS_61] Ensure AWS IAM policy does not allow assume role permission across all services" classname="\iam\main.tf.module.iam.aws_iam_role.ecs_task" file="\iam\main.tf"/>
		<testcase name="[NONE][CKV_AWS_60] Ensure IAM role allows only specific services or principals to assume it" classname="\iam\main.tf.module.iam.aws_iam_role.ecs_task" file="\iam\main.tf"/>
		<testcase name="[NONE][CKV_AWS_62] Ensure IAM policies that allow full &quot;*-*&quot; administrative privileges are not created" classname="\iam\main.tf.module.iam.aws_iam_policy.ecs_task" file="\iam\main.tf"/>
		<testcase name="[NONE][CKV_AWS_63] Ensure no IAM policies documents allow &quot;*&quot; as a statement's actions" classname="\iam\main.tf.module.iam.aws_iam_policy.ecs_task" file="\iam\main.tf"/>
		<testcase name="[NONE][CKV_AWS_274] Disallow IAM roles, users, and groups from using the AWS AdministratorAccess policy" classname="\iam\main.tf.module.iam.aws_iam_role_policy_attachment.ecs_task" file="\iam\main.tf"/>
		<testcase name="[NONE][CKV_AWS_393] Ensure AWS GitHub Actions OIDC authorization policies only allow safe claims and claim order on IAM role" classname="\iam\main.tf.module.iam.aws_iam_role.rds_proxy" file="\iam\main.tf"/>
		<testcase name="[NONE][CKV_AWS_274] Disallow IAM roles, users, and groups from using the AWS AdministratorAccess policy" classname="\iam\main.tf.module.iam.aws_iam_role.rds_proxy" file="\iam\main.tf"/>
		<testcase name="[NONE][CKV_AWS_61] Ensure AWS IAM policy does not allow assume role permission across all services" classname="\iam\main.tf.module.iam.aws_iam_role.rds_proxy" file="\iam\main.tf"/>
		<testcase name="[NONE][CKV_AWS_60] Ensure IAM role allows only specific services or principals to assume it" classname="\iam\main.tf.module.iam.aws_iam_role.rds_proxy" file="\iam\main.tf"/>
		<testcase name="[NONE][CKV_AWS_62] Ensure IAM policies that allow full &quot;*-*&quot; administrative privileges are not created" classname="\iam\main.tf.module.iam.aws_iam_policy.rds_proxy" file="\iam\main.tf"/>
		<testcase name="[NONE][CKV_AWS_63] Ensure no IAM policies documents allow &quot;*&quot; as a statement's actions" classname="\iam\main.tf.module.iam.aws_iam_policy.rds_proxy" file="\iam\main.tf"/>
		<testcase name="[NONE][CKV_AWS_274] Disallow IAM roles, users, and groups from using the AWS AdministratorAccess policy" classname="\iam\main.tf.module.iam.aws_iam_role_policy_attachment.rds_proxy" file="\iam\main.tf"/>
		<testcase name="[NONE][CKV_AWS_393] Ensure AWS GitHub Actions OIDC authorization policies only allow safe claims and claim order on IAM role" classname="\iam\main.tf.module.iam.aws_iam_role.terraform[&quot;frontend&quot;]" file="\iam\main.tf"/>
		<testcase name="[NONE][CKV_AWS_274] Disallow IAM roles, users, and groups from using the AWS AdministratorAccess policy" classname="\iam\main.tf.module.iam.aws_iam_role.terraform[&quot;frontend&quot;]" file="\iam\main.tf"/>
		<testcase name="[NONE][CKV_AWS_61] Ensure AWS IAM policy does not allow assume role permission across all services" classname="\iam\main.tf.module.iam.aws_iam_role.terraform[&quot;frontend&quot;]" file="\iam\main.tf"/>
		<testcase name="[NONE][CKV_AWS_60] Ensure IAM role allows only specific services or principals to assume it" classname="\iam\main.tf.module.iam.aws_iam_role.terraform[&quot;frontend&quot;]" file="\iam\main.tf"/>
		<testcase name="[NONE][CKV_AWS_393] Ensure AWS GitHub Actions OIDC authorization policies only allow safe claims and claim order on IAM role" classname="\iam\main.tf.module.iam.aws_iam_role.terraform[&quot;data&quot;]" file="\iam\main.tf"/>
		<testcase name="[NONE][CKV_AWS_274] Disallow IAM roles, users, and groups from using the AWS AdministratorAccess policy" classname="\iam\main.tf.module.iam.aws_iam_role.terraform[&quot;data&quot;]" file="\iam\main.tf"/>
		<testcase name="[NONE][CKV_AWS_61] Ensure AWS IAM policy does not allow assume role permission across all services" classname="\iam\main.tf.module.iam.aws_iam_role.terraform[&quot;data&quot;]" file="\iam\main.tf"/>
		<testcase name="[NONE][CKV_AWS_60] Ensure IAM role allows only specific services or principals to assume it" classname="\iam\main.tf.module.iam.aws_iam_role.terraform[&quot;data&quot;]" file="\iam\main.tf"/>
		<testcase name="[NONE][CKV_AWS_393] Ensure AWS GitHub Actions OIDC authorization policies only allow safe claims and claim order on IAM role" classname="\iam\main.tf.module.iam.aws_iam_role.terraform[&quot;edge&quot;]" file="\iam\main.tf"/>
		<testcase name="[NONE][CKV_AWS_274] Disallow IAM roles, users, and groups from using the AWS AdministratorAccess policy" classname="\iam\main.tf.module.iam.aws_iam_role.terraform[&quot;edge&quot;]" file="\iam\main.tf"/>
		<testcase name="[NONE][CKV_AWS_61] Ensure AWS IAM policy does not allow assume role permission across all services" classname="\iam\main.tf.module.iam.aws_iam_role.terraform[&quot;edge&quot;]" file="\iam\main.tf"/>
		<testcase name="[NONE][CKV_AWS_60] Ensure IAM role allows only specific services or principals to assume it" classname="\iam\main.tf.module.iam.aws_iam_role.terraform[&quot;edge&quot;]" file="\iam\main.tf"/>
		<testcase name="[NONE][CKV_AWS_393] Ensure AWS GitHub Actions OIDC authorization policies only allow safe claims and claim order on IAM role" classname="\iam\main.tf.module.iam.aws_iam_role.terraform[&quot;compute&quot;]" file="\iam\main.tf"/>
		<testcase name="[NONE][CKV_AWS_274] Disallow IAM roles, users, and groups from using the AWS AdministratorAccess policy" classname="\iam\main.tf.module.iam.aws_iam_role.terraform[&quot;compute&quot;]" file="\iam\main.tf"/>
		<testcase name="[NONE][CKV_AWS_61] Ensure AWS IAM policy does not allow assume role permission across all services" classname="\iam\main.tf.module.iam.aws_iam_role.terraform[&quot;compute&quot;]" file="\iam\main.tf"/>
		<testcase name="[NONE][CKV_AWS_60] Ensure IAM role allows only specific services or principals to assume it" classname="\iam\main.tf.module.iam.aws_iam_role.terraform[&quot;compute&quot;]" file="\iam\main.tf"/>
		<testcase name="[NONE][CKV_AWS_393] Ensure AWS GitHub Actions OIDC authorization policies only allow safe claims and claim order on IAM role" classname="\iam\main.tf.module.iam.aws_iam_role.terraform[&quot;observability&quot;]" file="\iam\main.tf"/>
		<testcase name="[NONE][CKV_AWS_274] Disallow IAM roles, users, and groups from using the AWS AdministratorAccess policy" classname="\iam\main.tf.module.iam.aws_iam_role.terraform[&quot;observability&quot;]" file="\iam\main.tf"/>
		<testcase name="[NONE][CKV_AWS_61] Ensure AWS IAM policy does not allow assume role permission across all services" classname="\iam\main.tf.module.iam.aws_iam_role.terraform[&quot;observability&quot;]" file="\iam\main.tf"/>
		<testcase name="[NONE][CKV_AWS_60] Ensure IAM role allows only specific services or principals to assume it" classname="\iam\main.tf.module.iam.aws_iam_role.terraform[&quot;observability&quot;]" file="\iam\main.tf"/>
		<testcase name="[NONE][CKV_AWS_62] Ensure IAM policies that allow full &quot;*-*&quot; administrative privileges are not created" classname="\iam\main.tf.module.iam.aws_iam_policy.terraform[&quot;frontend&quot;]" file="\iam\main.tf"/>
		<testcase name="[NONE][CKV_AWS_63] Ensure no IAM policies documents allow &quot;*&quot; as a statement's actions" classname="\iam\main.tf.module.iam.aws_iam_policy.terraform[&quot;frontend&quot;]" file="\iam\main.tf"/>
		<testcase name="[NONE][CKV_AWS_62] Ensure IAM policies that allow full &quot;*-*&quot; administrative privileges are not created" classname="\iam\main.tf.module.iam.aws_iam_policy.terraform[&quot;data&quot;]" file="\iam\main.tf"/>
		<testcase name="[NONE][CKV_AWS_63] Ensure no IAM policies documents allow &quot;*&quot; as a statement's actions" classname="\iam\main.tf.module.iam.aws_iam_policy.terraform[&quot;data&quot;]" file="\iam\main.tf"/>
		<testcase name="[NONE][CKV_AWS_62] Ensure IAM policies that allow full &quot;*-*&quot; administrative privileges are not created" classname="\iam\main.tf.module.iam.aws_iam_policy.terraform[&quot;edge&quot;]" file="\iam\main.tf"/>
		<testcase name="[NONE][CKV_AWS_63] Ensure no IAM policies documents allow &quot;*&quot; as a statement's actions" classname="\iam\main.tf.module.iam.aws_iam_policy.terraform[&quot;edge&quot;]" file="\iam\main.tf"/>
		<testcase name="[NONE][CKV_AWS_62] Ensure IAM policies that allow full &quot;*-*&quot; administrative privileges are not created" classname="\iam\main.tf.module.iam.aws_iam_policy.terraform[&quot;compute&quot;]" file="\iam\main.tf"/>
		<testcase name="[NONE][CKV_AWS_63] Ensure no IAM policies documents allow &quot;*&quot; as a statement's actions" classname="\iam\main.tf.module.iam.aws_iam_policy.terraform[&quot;compute&quot;]" file="\iam\main.tf"/>
		<testcase name="[NONE][CKV_AWS_62] Ensure IAM policies that allow full &quot;*-*&quot; administrative privileges are not created" classname="\iam\main.tf.module.iam.aws_iam_policy.terraform[&quot;observability&quot;]" file="\iam\main.tf"/>
		<testcase name="[NONE][CKV_AWS_63] Ensure no IAM policies documents allow &quot;*&quot; as a statement's actions" classname="\iam\main.tf.module.iam.aws_iam_policy.terraform[&quot;observability&quot;]" file="\iam\main.tf"/>
		<testcase name="[NONE][CKV_AWS_274] Disallow IAM roles, users, and groups from using the AWS AdministratorAccess policy" classname="\iam\main.tf.module.iam.aws_iam_role_policy_attachment.terraform[&quot;frontend&quot;]" file="\iam\main.tf"/>
		<testcase name="[NONE][CKV_AWS_274] Disallow IAM roles, users, and groups from using the AWS AdministratorAccess policy" classname="\iam\main.tf.module.iam.aws_iam_role_policy_attachment.terraform[&quot;data&quot;]" file="\iam\main.tf"/>
		<testcase name="[NONE][CKV_AWS_274] Disallow IAM roles, users, and groups from using the AWS AdministratorAccess policy" classname="\iam\main.tf.module.iam.aws_iam_role_policy_attachment.terraform[&quot;edge&quot;]" file="\iam\main.tf"/>
		<testcase name="[NONE][CKV_AWS_274] Disallow IAM roles, users, and groups from using the AWS AdministratorAccess policy" classname="\iam\main.tf.module.iam.aws_iam_role_policy_attachment.terraform[&quot;compute&quot;]" file="\iam\main.tf"/>
		<testcase name="[NONE][CKV_AWS_274] Disallow IAM roles, users, and groups from using the AWS AdministratorAccess policy" classname="\iam\main.tf.module.iam.aws_iam_role_policy_attachment.terraform[&quot;observability&quot;]" file="\iam\main.tf"/>
		<testcase name="[NONE][CKV_AWS_1] Ensure IAM policies that allow full &quot;*-*&quot; administrative privileges are not created" classname="\iam\main.tf.module.iam.aws_iam_policy_document.terraform_assume" file="\iam\main.tf"/>
		<testcase name="[NONE][CKV_AWS_358] Ensure AWS GitHub Actions OIDC authorization policies only allow safe claims and claim order" classname="\iam\main.tf.module.iam.aws_iam_policy_document.terraform_assume" file="\iam\main.tf"/>
		<testcase name="[NONE][CKV_AWS_107] Ensure IAM policies does not allow credentials exposure" classname="\iam\main.tf.module.iam.aws_iam_policy_document.terraform_assume" file="\iam\main.tf"/>
		<testcase name="[NONE][CKV_AWS_108] Ensure IAM policies does not allow data exfiltration" classname="\iam\main.tf.module.iam.aws_iam_policy_document.terraform_assume" file="\iam\main.tf"/>
		<testcase name="[NONE][CKV_AWS_109] Ensure IAM policies does not allow permissions management / resource exposure without constraints" classname="\iam\main.tf.module.iam.aws_iam_policy_document.terraform_assume" file="\iam\main.tf"/>
		<testcase name="[NONE][CKV_AWS_110] Ensure IAM policies does not allow privilege escalation" classname="\iam\main.tf.module.iam.aws_iam_policy_document.terraform_assume" file="\iam\main.tf"/>
		<testcase name="[NONE][CKV_AWS_283] Ensure no IAM policies documents allow ALL or any AWS principal permissions to the resource" classname="\iam\main.tf.module.iam.aws_iam_policy_document.terraform_assume" file="\iam\main.tf"/>
		<testcase name="[NONE][CKV_AWS_111] Ensure IAM policies does not allow write access without constraints" classname="\iam\main.tf.module.iam.aws_iam_policy_document.terraform_assume" file="\iam\main.tf"/>
		<testcase name="[NONE][CKV_AWS_356] Ensure no IAM policies documents allow &quot;*&quot; as a statement's resource for restrictable actions" classname="\iam\main.tf.module.iam.aws_iam_policy_document.terraform_assume" file="\iam\main.tf"/>
		<testcase name="[NONE][CKV_AWS_49] Ensure no IAM policies documents allow &quot;*&quot; as a statement's actions" classname="\iam\main.tf.module.iam.aws_iam_policy_document.terraform_assume" file="\iam\main.tf"/>
		<testcase name="[NONE][CKV_AWS_1] Ensure IAM policies that allow full &quot;*-*&quot; administrative privileges are not created" classname="\iam\main.tf.module.iam.aws_iam_policy_document.ecs_tasks_assume" file="\iam\main.tf"/>
		<testcase name="[NONE][CKV_AWS_358] Ensure AWS GitHub Actions OIDC authorization policies only allow safe claims and claim order" classname="\iam\main.tf.module.iam.aws_iam_policy_document.ecs_tasks_assume" file="\iam\main.tf"/>
		<testcase name="[NONE][CKV_AWS_107] Ensure IAM policies does not allow credentials exposure" classname="\iam\main.tf.module.iam.aws_iam_policy_document.ecs_tasks_assume" file="\iam\main.tf"/>
		<testcase name="[NONE][CKV_AWS_108] Ensure IAM policies does not allow data exfiltration" classname="\iam\main.tf.module.iam.aws_iam_policy_document.ecs_tasks_assume" file="\iam\main.tf"/>
		<testcase name="[NONE][CKV_AWS_109] Ensure IAM policies does not allow permissions management / resource exposure without constraints" classname="\iam\main.tf.module.iam.aws_iam_policy_document.ecs_tasks_assume" file="\iam\main.tf"/>
		<testcase name="[NONE][CKV_AWS_110] Ensure IAM policies does not allow privilege escalation" classname="\iam\main.tf.module.iam.aws_iam_policy_document.ecs_tasks_assume" file="\iam\main.tf"/>
		<testcase name="[NONE][CKV_AWS_283] Ensure no IAM policies documents allow ALL or any AWS principal permissions to the resource" classname="\iam\main.tf.module.iam.aws_iam_policy_document.ecs_tasks_assume" file="\iam\main.tf"/>
		<testcase name="[NONE][CKV_AWS_111] Ensure IAM policies does not allow write access without constraints" classname="\iam\main.tf.module.iam.aws_iam_policy_document.ecs_tasks_assume" file="\iam\main.tf"/>
		<testcase name="[NONE][CKV_AWS_356] Ensure no IAM policies documents allow &quot;*&quot; as a statement's resource for restrictable actions" classname="\iam\main.tf.module.iam.aws_iam_policy_document.ecs_tasks_assume" file="\iam\main.tf"/>
		<testcase name="[NONE][CKV_AWS_49] Ensure no IAM policies documents allow &quot;*&quot; as a statement's actions" classname="\iam\main.tf.module.iam.aws_iam_policy_document.ecs_tasks_assume" file="\iam\main.tf"/>
		<testcase name="[NONE][CKV_AWS_1] Ensure IAM policies that allow full &quot;*-*&quot; administrative privileges are not created" classname="\iam\main.tf.module.iam.aws_iam_policy_document.rds_proxy_assume" file="\iam\main.tf"/>
		<testcase name="[NONE][CKV_AWS_358] Ensure AWS GitHub Actions OIDC authorization policies only allow safe claims and claim order" classname="\iam\main.tf.module.iam.aws_iam_policy_document.rds_proxy_assume" file="\iam\main.tf"/>
		<testcase name="[NONE][CKV_AWS_107] Ensure IAM policies does not allow credentials exposure" classname="\iam\main.tf.module.iam.aws_iam_policy_document.rds_proxy_assume" file="\iam\main.tf"/>
		<testcase name="[NONE][CKV_AWS_108] Ensure IAM policies does not allow data exfiltration" classname="\iam\main.tf.module.iam.aws_iam_policy_document.rds_proxy_assume" file="\iam\main.tf"/>
		<testcase name="[NONE][CKV_AWS_109] Ensure IAM policies does not allow permissions management / resource exposure without constraints" classname="\iam\main.tf.module.iam.aws_iam_policy_document.rds_proxy_assume" file="\iam\main.tf"/>
		<testcase name="[NONE][CKV_AWS_110] Ensure IAM policies does not allow privilege escalation" classname="\iam\main.tf.module.iam.aws_iam_policy_document.rds_proxy_assume" file="\iam\main.tf"/>
		<testcase name="[NONE][CKV_AWS_283] Ensure no IAM policies documents allow ALL or any AWS principal permissions to the resource" classname="\iam\main.tf.module.iam.aws_iam_policy_document.rds_proxy_assume" file="\iam\main.tf"/>
		<testcase name="[NONE][CKV_AWS_111] Ensure IAM policies does not allow write access without constraints" classname="\iam\main.tf.module.iam.aws_iam_policy_document.rds_proxy_assume" file="\iam\main.tf"/>
		<testcase name="[NONE][CKV_AWS_356] Ensure no IAM policies documents allow &quot;*&quot; as a statement's resource for restrictable actions" classname="\iam\main.tf.module.iam.aws_iam_policy_document.rds_proxy_assume" file="\iam\main.tf"/>
		<testcase name="[NONE][CKV_AWS_49] Ensure no IAM policies documents allow &quot;*&quot; as a statement's actions" classname="\iam\main.tf.module.iam.aws_iam_policy_document.rds_proxy_assume" file="\iam\main.tf"/>
		<testcase name="[NONE][CKV_AWS_163] Ensure ECR image scanning on push is enabled" classname="\modules\cicd\main.tf.module.cicd.aws_ecr_repository.this[&quot;anfitriona&quot;]" file="\modules\cicd\main.tf"/>
		<testcase name="[NONE][CKV_AWS_51] Ensure ECR Image Tags are immutable" classname="\modules\cicd\main.tf.module.cicd.aws_ecr_repository.this[&quot;anfitriona&quot;]" file="\modules\cicd\main.tf"/>
		<testcase name="[NONE][CKV_AWS_136] Ensure that ECR repositories are encrypted using KMS" classname="\modules\cicd\main.tf.module.cicd.aws_ecr_repository.this[&quot;anfitriona&quot;]" file="\modules\cicd\main.tf"/>
		<testcase name="[NONE][CKV_AWS_163] Ensure ECR image scanning on push is enabled" classname="\modules\cicd\main.tf.module.cicd.aws_ecr_repository.this[&quot;mozo&quot;]" file="\modules\cicd\main.tf"/>
		<testcase name="[NONE][CKV_AWS_51] Ensure ECR Image Tags are immutable" classname="\modules\cicd\main.tf.module.cicd.aws_ecr_repository.this[&quot;mozo&quot;]" file="\modules\cicd\main.tf"/>
		<testcase name="[NONE][CKV_AWS_136] Ensure that ECR repositories are encrypted using KMS" classname="\modules\cicd\main.tf.module.cicd.aws_ecr_repository.this[&quot;mozo&quot;]" file="\modules\cicd\main.tf"/>
		<testcase name="[NONE][CKV_AWS_163] Ensure ECR image scanning on push is enabled" classname="\modules\cicd\main.tf.module.cicd.aws_ecr_repository.this[&quot;caja&quot;]" file="\modules\cicd\main.tf"/>
		<testcase name="[NONE][CKV_AWS_51] Ensure ECR Image Tags are immutable" classname="\modules\cicd\main.tf.module.cicd.aws_ecr_repository.this[&quot;caja&quot;]" file="\modules\cicd\main.tf"/>
		<testcase name="[NONE][CKV_AWS_136] Ensure that ECR repositories are encrypted using KMS" classname="\modules\cicd\main.tf.module.cicd.aws_ecr_repository.this[&quot;caja&quot;]" file="\modules\cicd\main.tf"/>
		<testcase name="[NONE][CKV_AWS_163] Ensure ECR image scanning on push is enabled" classname="\modules\cicd\main.tf.module.cicd.aws_ecr_repository.this[&quot;cocina&quot;]" file="\modules\cicd\main.tf"/>
		<testcase name="[NONE][CKV_AWS_51] Ensure ECR Image Tags are immutable" classname="\modules\cicd\main.tf.module.cicd.aws_ecr_repository.this[&quot;cocina&quot;]" file="\modules\cicd\main.tf"/>
		<testcase name="[NONE][CKV_AWS_136] Ensure that ECR repositories are encrypted using KMS" classname="\modules\cicd\main.tf.module.cicd.aws_ecr_repository.this[&quot;cocina&quot;]" file="\modules\cicd\main.tf"/>
		<testcase name="[NONE][CKV_AWS_93] Ensure S3 bucket policy does not lockout all but root user. (Prevent lockouts needing root account fixes)" classname="\modules\compute\main.tf.module.compute.aws_s3_bucket.alb_logs" file="\modules\compute\main.tf"/>
		<testcase name="[NONE][CKV_AWS_300] Ensure S3 lifecycle configuration sets period for aborting failed uploads" classname="\modules\compute\main.tf.module.compute.aws_s3_bucket_lifecycle_configuration.alb_logs" file="\modules\compute\main.tf"/>
		<testcase name="[NONE][CKV_AWS_53] Ensure S3 bucket has block public ACLS enabled" classname="\modules\compute\main.tf.module.compute.aws_s3_bucket_public_access_block.alb_logs" file="\modules\compute\main.tf"/>
		<testcase name="[NONE][CKV_AWS_54] Ensure S3 bucket has block public policy enabled" classname="\modules\compute\main.tf.module.compute.aws_s3_bucket_public_access_block.alb_logs" file="\modules\compute\main.tf"/>
		<testcase name="[NONE][CKV_AWS_55] Ensure S3 bucket has ignore public ACLs enabled" classname="\modules\compute\main.tf.module.compute.aws_s3_bucket_public_access_block.alb_logs" file="\modules\compute\main.tf"/>
		<testcase name="[NONE][CKV_AWS_56] Ensure S3 bucket has 'restrict_public_buckets' enabled" classname="\modules\compute\main.tf.module.compute.aws_s3_bucket_public_access_block.alb_logs" file="\modules\compute\main.tf"/>
		<testcase name="[NONE][CKV_AWS_70] Ensure S3 bucket does not allow an action with any Principal" classname="\modules\compute\main.tf.module.compute.aws_s3_bucket_policy.alb_logs" file="\modules\compute\main.tf"/>
		<testcase name="[NONE][CKV_AWS_93] Ensure S3 bucket policy does not lockout all but root user. (Prevent lockouts needing root account fixes)" classname="\modules\compute\main.tf.module.compute.aws_s3_bucket_policy.alb_logs" file="\modules\compute\main.tf"/>
		<testcase name="[NONE][CKV_AWS_328] Ensure that ALB is configured with defensive or strictest desync mitigation mode" classname="\modules\compute\main.tf.module.compute.aws_lb.this" file="\modules\compute\main.tf"/>
		<testcase name="[NONE][CKV_AWS_131] Ensure that ALB drops HTTP headers" classname="\modules\compute\main.tf.module.compute.aws_lb.this" file="\modules\compute\main.tf"/>
		<testcase name="[NONE][CKV_AWS_91] Ensure the ELBv2 (Application/Network) has access logging enabled" classname="\modules\compute\main.tf.module.compute.aws_lb.this" file="\modules\compute\main.tf"/>
		<testcase name="[NONE][CKV_AWS_150] Ensure that Load Balancer has deletion protection enabled" classname="\modules\compute\main.tf.module.compute.aws_lb.this" file="\modules\compute\main.tf"/>
		<testcase name="[NONE][CKV_AWS_261] Ensure HTTP HTTPS Target group defines Healthcheck" classname="\modules\compute\main.tf.module.compute.aws_lb_target_group.this" file="\modules\compute\main.tf"/>
		<testcase name="[NONE][CKV_AWS_2] Ensure ALB protocol is HTTPS" classname="\modules\compute\main.tf.module.compute.aws_lb_listener.http_redirect" file="\modules\compute\main.tf"/>
		<testcase name="[NONE][CKV_AWS_309] Ensure API GatewayV2 routes specify an authorization type" classname="\modules\compute\main.tf.module.compute.aws_apigatewayv2_route.this" file="\modules\compute\main.tf"/>
		<testcase name="[NONE][CKV_AWS_158] Ensure that CloudWatch Log Group is encrypted by KMS" classname="\modules\compute\main.tf.module.compute.aws_cloudwatch_log_group.api_gw_logs" file="\modules\compute\main.tf"/>
		<testcase name="[NONE][CKV_AWS_66] Ensure that CloudWatch Log Group specifies retention days" classname="\modules\compute\main.tf.module.compute.aws_cloudwatch_log_group.api_gw_logs" file="\modules\compute\main.tf"/>
		<testcase name="[NONE][CKV_AWS_338] Ensure CloudWatch log groups retains logs for at least 1 year" classname="\modules\compute\main.tf.module.compute.aws_cloudwatch_log_group.api_gw_logs" file="\modules\compute\main.tf"/>
		<testcase name="[NONE][CKV_AWS_76] Ensure API Gateway has Access Logging enabled" classname="\modules\compute\main.tf.module.compute.aws_apigatewayv2_stage.this" file="\modules\compute\main.tf"/>
		<testcase name="[NONE][CKV_AWS_65] Ensure container insights are enabled on ECS cluster" classname="\modules\compute\main.tf.module.compute.aws_ecs_cluster.this" file="\modules\compute\main.tf"/>
		<testcase name="[NONE][CKV_AWS_223] Ensure ECS Cluster enables logging of ECS Exec" classname="\modules\compute\main.tf.module.compute.aws_ecs_cluster.this" file="\modules\compute\main.tf"/>
		<testcase name="[NONE][CKV_AWS_335] Ensure ECS task definitions should not share the host's process namespace" classname="\modules\compute\main.tf.module.compute.aws_ecs_task_definition.this" file="\modules\compute\main.tf"/>
		<testcase name="[NONE][CKV_AWS_334] Ensure ECS containers should run as non-privileged" classname="\modules\compute\main.tf.module.compute.aws_ecs_task_definition.this" file="\modules\compute\main.tf"/>
		<testcase name="[NONE][CKV_AWS_336] Ensure ECS containers are limited to read-only access to root filesystems" classname="\modules\compute\main.tf.module.compute.aws_ecs_task_definition.this" file="\modules\compute\main.tf"/>
		<testcase name="[NONE][CKV_AWS_97] Ensure Encryption in transit is enabled for EFS volumes in ECS Task definitions" classname="\modules\compute\main.tf.module.compute.aws_ecs_task_definition.this" file="\modules\compute\main.tf"/>
		<testcase name="[NONE][CKV_AWS_249] Ensure that the Execution Role ARN and the Task Role ARN are different in ECS Task definitions" classname="\modules\compute\main.tf.module.compute.aws_ecs_task_definition.this" file="\modules\compute\main.tf"/>
		<testcase name="[NONE][CKV_AWS_332] Ensure ECS Fargate services run on the latest Fargate platform version" classname="\modules\compute\main.tf.module.compute.aws_ecs_service.this" file="\modules\compute\main.tf"/>
		<testcase name="[NONE][CKV_AWS_333] Ensure ECS services do not have public IP addresses assigned to them automatically" classname="\modules\compute\main.tf.module.compute.aws_ecs_service.this" file="\modules\compute\main.tf"/>
		<testcase name="[NONE][CKV_AWS_2] Ensure ALB protocol is HTTPS" classname="\modules\compute\main.tf.module.compute.aws_lb_listener.https" file="\modules\compute\main.tf"/>
		<testcase name="[NONE][CKV_AWS_227] Ensure KMS key is enabled" classname="\modules\data\main.tf.module.data.aws_kms_key.this" file="\modules\data\main.tf"/>
		<testcase name="[NONE][CKV_AWS_33] Ensure KMS key policy does not contain wildcard (*) principal" classname="\modules\data\main.tf.module.data.aws_kms_key.this" file="\modules\data\main.tf"/>
		<testcase name="[NONE][CKV_AWS_7] Ensure rotation for customer created CMKs is enabled" classname="\modules\data\main.tf.module.data.aws_kms_key.this" file="\modules\data\main.tf"/>
		<testcase name="[NONE][CKV_AWS_149] Ensure that Secrets Manager secret is encrypted using KMS CMK" classname="\modules\data\main.tf.module.data.aws_secretsmanager_secret.db" file="\modules\data\main.tf"/>
		<testcase name="[NONE][CKV_AWS_304] Ensure Secrets Manager secrets should be rotated within 90 days" classname="\modules\data\main.tf.module.data.aws_secretsmanager_secret_rotation.this" file="\modules\data\main.tf"/>
		<testcase name="[NONE][CKV_AWS_96] Ensure all data stored in Aurora is securely encrypted at rest" classname="\modules\data\main.tf.module.data.aws_rds_cluster.this" file="\modules\data\main.tf"/>
		<testcase name="[NONE][CKV_AWS_133] Ensure that RDS instances has backup policy" classname="\modules\data\main.tf.module.data.aws_rds_cluster.this" file="\modules\data\main.tf"/>
		<testcase name="[NONE][CKV_AWS_313] Ensure RDS cluster configured to copy tags to snapshots" classname="\modules\data\main.tf.module.data.aws_rds_cluster.this" file="\modules\data\main.tf"/>
		<testcase name="[NONE][CKV_AWS_327] Ensure RDS Clusters are encrypted using KMS CMKs" classname="\modules\data\main.tf.module.data.aws_rds_cluster.this" file="\modules\data\main.tf"/>
		<testcase name="[NONE][CKV_AWS_162] Ensure RDS cluster has IAM authentication enabled" classname="\modules\data\main.tf.module.data.aws_rds_cluster.this" file="\modules\data\main.tf"/>
		<testcase name="[NONE][CKV_AWS_324] Ensure that RDS Cluster log capture is enabled" classname="\modules\data\main.tf.module.data.aws_rds_cluster.this" file="\modules\data\main.tf"/>
		<testcase name="[NONE][CKV_AWS_139] Ensure that RDS clusters have deletion protection enabled" classname="\modules\data\main.tf.module.data.aws_rds_cluster.this" file="\modules\data\main.tf"/>
		<testcase name="[NONE][CKV_AWS_250] Ensure that RDS PostgreSQL instances use a non vulnerable version with the log_fdw extension (https://aws.amazon.com/security/security-bulletins/AWS-2022-004/)" classname="\modules\data\main.tf.module.data.aws_rds_cluster.this" file="\modules\data\main.tf"/>
		<testcase name="[NONE][CKV_AWS_226] Ensure DB instance gets all minor upgrades automatically" classname="\modules\data\main.tf.module.data.aws_rds_cluster_instance.this[0]" file="\modules\data\main.tf"/>
		<testcase name="[NONE][CKV_AWS_118] Ensure that enhanced monitoring is enabled for Amazon RDS instances" classname="\modules\data\main.tf.module.data.aws_rds_cluster_instance.this[0]" file="\modules\data\main.tf"/>
		<testcase name="[NONE][CKV_AWS_354] Ensure RDS Performance Insights are encrypted using KMS CMKs" classname="\modules\data\main.tf.module.data.aws_rds_cluster_instance.this[0]" file="\modules\data\main.tf"/>
		<testcase name="[NONE][CKV_AWS_353] Ensure that RDS instances have performance insights enabled" classname="\modules\data\main.tf.module.data.aws_rds_cluster_instance.this[0]" file="\modules\data\main.tf"/>
		<testcase name="[NONE][CKV_AWS_17] Ensure all data stored in RDS is not publicly accessible" classname="\modules\data\main.tf.module.data.aws_rds_cluster_instance.this[0]" file="\modules\data\main.tf"/>
		<testcase name="[NONE][CKV_AWS_166] Ensure Backup Vault is encrypted at rest using KMS CMK" classname="\modules\data\main.tf.module.data.aws_backup_vault.this" file="\modules\data\main.tf"/>
		<testcase name="[NONE][CKV_AWS_393] Ensure AWS GitHub Actions OIDC authorization policies only allow safe claims and claim order on IAM role" classname="\modules\data\main.tf.module.data.aws_iam_role.backup" file="\modules\data\main.tf"/>
		<testcase name="[NONE][CKV_AWS_274] Disallow IAM roles, users, and groups from using the AWS AdministratorAccess policy" classname="\modules\data\main.tf.module.data.aws_iam_role.backup" file="\modules\data\main.tf"/>
		<testcase name="[NONE][CKV_AWS_61] Ensure AWS IAM policy does not allow assume role permission across all services" classname="\modules\data\main.tf.module.data.aws_iam_role.backup" file="\modules\data\main.tf"/>
		<testcase name="[NONE][CKV_AWS_60] Ensure IAM role allows only specific services or principals to assume it" classname="\modules\data\main.tf.module.data.aws_iam_role.backup" file="\modules\data\main.tf"/>
		<testcase name="[NONE][CKV_AWS_274] Disallow IAM roles, users, and groups from using the AWS AdministratorAccess policy" classname="\modules\data\main.tf.module.data.aws_iam_role_policy_attachment.backup" file="\modules\data\main.tf"/>
		<testcase name="[NONE][CKV_AWS_226] Ensure DB instance gets all minor upgrades automatically" classname="\modules\data\main.tf.module.data.aws_rds_cluster_instance.this[1]" file="\modules\data\main.tf"/>
		<testcase name="[NONE][CKV_AWS_118] Ensure that enhanced monitoring is enabled for Amazon RDS instances" classname="\modules\data\main.tf.module.data.aws_rds_cluster_instance.this[1]" file="\modules\data\main.tf"/>
		<testcase name="[NONE][CKV_AWS_354] Ensure RDS Performance Insights are encrypted using KMS CMKs" classname="\modules\data\main.tf.module.data.aws_rds_cluster_instance.this[1]" file="\modules\data\main.tf"/>
		<testcase name="[NONE][CKV_AWS_353] Ensure that RDS instances have performance insights enabled" classname="\modules\data\main.tf.module.data.aws_rds_cluster_instance.this[1]" file="\modules\data\main.tf"/>
		<testcase name="[NONE][CKV_AWS_17] Ensure all data stored in RDS is not publicly accessible" classname="\modules\data\main.tf.module.data.aws_rds_cluster_instance.this[1]" file="\modules\data\main.tf"/>
		<testcase name="[NONE][CKV_AWS_227] Ensure KMS key is enabled" classname="\modules\edge\main.tf.module.edge.aws_kms_key.logs" file="\modules\edge\main.tf"/>
		<testcase name="[NONE][CKV_AWS_33] Ensure KMS key policy does not contain wildcard (*) principal" classname="\modules\edge\main.tf.module.edge.aws_kms_key.logs" file="\modules\edge\main.tf"/>
		<testcase name="[NONE][CKV_AWS_7] Ensure rotation for customer created CMKs is enabled" classname="\modules\edge\main.tf.module.edge.aws_kms_key.logs" file="\modules\edge\main.tf"/>
		<testcase name="[NONE][CKV_AWS_192] Ensure WAF prevents message lookup in Log4j2. See CVE-2021-44228 aka log4jshell" classname="\modules\edge\main.tf.module.edge.aws_wafv2_web_acl.this" file="\modules\edge\main.tf"/>
		<testcase name="[NONE][CKV_AWS_175] Ensure WAF has associated rules" classname="\modules\edge\main.tf.module.edge.aws_wafv2_web_acl.this" file="\modules\edge\main.tf"/>
		<testcase name="[NONE][CKV_AWS_342] Ensure WAF rule has any actions" classname="\modules\edge\main.tf.module.edge.aws_wafv2_web_acl.this" file="\modules\edge\main.tf"/>
		<testcase name="[NONE][CKV_AWS_158] Ensure that CloudWatch Log Group is encrypted by KMS" classname="\modules\edge\main.tf.module.edge.aws_cloudwatch_log_group.waf" file="\modules\edge\main.tf"/>
		<testcase name="[NONE][CKV_AWS_66] Ensure that CloudWatch Log Group specifies retention days" classname="\modules\edge\main.tf.module.edge.aws_cloudwatch_log_group.waf" file="\modules\edge\main.tf"/>
		<testcase name="[NONE][CKV_AWS_338] Ensure CloudWatch log groups retains logs for at least 1 year" classname="\modules\edge\main.tf.module.edge.aws_cloudwatch_log_group.waf" file="\modules\edge\main.tf"/>
		<testcase name="[NONE][CKV_AWS_93] Ensure S3 bucket policy does not lockout all but root user. (Prevent lockouts needing root account fixes)" classname="\modules\edge\main.tf.module.edge.aws_s3_bucket.cf_logs" file="\modules\edge\main.tf"/>
		<testcase name="[NONE][CKV_AWS_53] Ensure S3 bucket has block public ACLS enabled" classname="\modules\edge\main.tf.module.edge.aws_s3_bucket_public_access_block.cf_logs" file="\modules\edge\main.tf"/>
		<testcase name="[NONE][CKV_AWS_54] Ensure S3 bucket has block public policy enabled" classname="\modules\edge\main.tf.module.edge.aws_s3_bucket_public_access_block.cf_logs" file="\modules\edge\main.tf"/>
		<testcase name="[NONE][CKV_AWS_55] Ensure S3 bucket has ignore public ACLs enabled" classname="\modules\edge\main.tf.module.edge.aws_s3_bucket_public_access_block.cf_logs" file="\modules\edge\main.tf"/>
		<testcase name="[NONE][CKV_AWS_56] Ensure S3 bucket has 'restrict_public_buckets' enabled" classname="\modules\edge\main.tf.module.edge.aws_s3_bucket_public_access_block.cf_logs" file="\modules\edge\main.tf"/>
		<testcase name="[NONE][CKV_AWS_300] Ensure S3 lifecycle configuration sets period for aborting failed uploads" classname="\modules\edge\main.tf.module.edge.aws_s3_bucket_lifecycle_configuration.cf_logs" file="\modules\edge\main.tf"/>
		<testcase name="[NONE][CKV_AWS_93] Ensure S3 bucket policy does not lockout all but root user. (Prevent lockouts needing root account fixes)" classname="\modules\edge\main.tf.module.edge.aws_s3_bucket.cf_failover" file="\modules\edge\main.tf"/>
		<testcase name="[NONE][CKV_AWS_53] Ensure S3 bucket has block public ACLS enabled" classname="\modules\edge\main.tf.module.edge.aws_s3_bucket_public_access_block.cf_failover" file="\modules\edge\main.tf"/>
		<testcase name="[NONE][CKV_AWS_54] Ensure S3 bucket has block public policy enabled" classname="\modules\edge\main.tf.module.edge.aws_s3_bucket_public_access_block.cf_failover" file="\modules\edge\main.tf"/>
		<testcase name="[NONE][CKV_AWS_55] Ensure S3 bucket has ignore public ACLs enabled" classname="\modules\edge\main.tf.module.edge.aws_s3_bucket_public_access_block.cf_failover" file="\modules\edge\main.tf"/>
		<testcase name="[NONE][CKV_AWS_56] Ensure S3 bucket has 'restrict_public_buckets' enabled" classname="\modules\edge\main.tf.module.edge.aws_s3_bucket_public_access_block.cf_failover" file="\modules\edge\main.tf"/>
		<testcase name="[NONE][CKV_AWS_300] Ensure S3 lifecycle configuration sets period for aborting failed uploads" classname="\modules\edge\main.tf.module.edge.aws_s3_bucket_lifecycle_configuration.cf_failover" file="\modules\edge\main.tf"/>
		<testcase name="[NONE][CKV_AWS_305] Ensure CloudFront distribution has a default root object configured" classname="\modules\edge\main.tf.module.edge.aws_cloudfront_distribution.this" file="\modules\edge\main.tf"/>
		<testcase name="[NONE][CKV_AWS_216] Ensure CloudFront distribution is enabled" classname="\modules\edge\main.tf.module.edge.aws_cloudfront_distribution.this" file="\modules\edge\main.tf"/>
		<testcase name="[NONE][CKV_AWS_34] Ensure CloudFront distribution ViewerProtocolPolicy is set to HTTPS" classname="\modules\edge\main.tf.module.edge.aws_cloudfront_distribution.this" file="\modules\edge\main.tf"/>
		<testcase name="[NONE][CKV_AWS_86] Ensure CloudFront distribution has Access Logging enabled" classname="\modules\edge\main.tf.module.edge.aws_cloudfront_distribution.this" file="\modules\edge\main.tf"/>
		<testcase name="[NONE][CKV_AWS_310] Ensure CloudFront distributions should have origin failover configured" classname="\modules\edge\main.tf.module.edge.aws_cloudfront_distribution.this" file="\modules\edge\main.tf"/>
		<testcase name="[NONE][CKV_AWS_374] Ensure AWS CloudFront web distribution has geo restriction enabled" classname="\modules\edge\main.tf.module.edge.aws_cloudfront_distribution.this" file="\modules\edge\main.tf"/>
		<testcase name="[NONE][CKV_AWS_174] Verify CloudFront Distribution Viewer Certificate is using TLS v1.2 or higher" classname="\modules\edge\main.tf.module.edge.aws_cloudfront_distribution.this" file="\modules\edge\main.tf"/>
		<testcase name="[NONE][CKV_AWS_68] CloudFront Distribution should have WAF enabled" classname="\modules\edge\main.tf.module.edge.aws_cloudfront_distribution.this" file="\modules\edge\main.tf"/>
		<testcase name="[NONE][CKV_AWS_259] Ensure CloudFront response header policy enforces Strict Transport Security" classname="\modules\edge\main.tf.module.edge.aws_cloudfront_response_headers_policy.this" file="\modules\edge\main.tf"/>
		<testcase name="[NONE][CKV_AWS_158] Ensure that CloudWatch Log Group is encrypted by KMS" classname="\modules\edge\main.tf.module.edge.aws_cloudwatch_log_group.route53" file="\modules\edge\main.tf"/>
		<testcase name="[NONE][CKV_AWS_66] Ensure that CloudWatch Log Group specifies retention days" classname="\modules\edge\main.tf.module.edge.aws_cloudwatch_log_group.route53" file="\modules\edge\main.tf"/>
		<testcase name="[NONE][CKV_AWS_338] Ensure CloudWatch log groups retains logs for at least 1 year" classname="\modules\edge\main.tf.module.edge.aws_cloudwatch_log_group.route53" file="\modules\edge\main.tf"/>
		<testcase name="[NONE][CKV_AWS_227] Ensure KMS key is enabled" classname="\modules\edge\main.tf.module.edge.aws_kms_key.dnssec" file="\modules\edge\main.tf"/>
		<testcase name="[NONE][CKV_AWS_33] Ensure KMS key policy does not contain wildcard (*) principal" classname="\modules\edge\main.tf.module.edge.aws_kms_key.dnssec" file="\modules\edge\main.tf"/>
		<testcase name="[NONE][CKV_AWS_93] Ensure S3 bucket policy does not lockout all but root user. (Prevent lockouts needing root account fixes)" classname="\modules\frontend\main.tf.module.frontend.aws_s3_bucket.this" file="\modules\frontend\main.tf"/>
		<testcase name="[NONE][CKV_AWS_53] Ensure S3 bucket has block public ACLS enabled" classname="\modules\frontend\main.tf.module.frontend.aws_s3_bucket_public_access_block.this" file="\modules\frontend\main.tf"/>
		<testcase name="[NONE][CKV_AWS_54] Ensure S3 bucket has block public policy enabled" classname="\modules\frontend\main.tf.module.frontend.aws_s3_bucket_public_access_block.this" file="\modules\frontend\main.tf"/>
		<testcase name="[NONE][CKV_AWS_55] Ensure S3 bucket has ignore public ACLs enabled" classname="\modules\frontend\main.tf.module.frontend.aws_s3_bucket_public_access_block.this" file="\modules\frontend\main.tf"/>
		<testcase name="[NONE][CKV_AWS_56] Ensure S3 bucket has 'restrict_public_buckets' enabled" classname="\modules\frontend\main.tf.module.frontend.aws_s3_bucket_public_access_block.this" file="\modules\frontend\main.tf"/>
		<testcase name="[NONE][CKV_AWS_93] Ensure S3 bucket policy does not lockout all but root user. (Prevent lockouts needing root account fixes)" classname="\modules\frontend\main.tf.module.frontend.aws_s3_bucket_policy.this" file="\modules\frontend\main.tf"/>
		<testcase name="[NONE][CKV_AWS_300] Ensure S3 lifecycle configuration sets period for aborting failed uploads" classname="\modules\frontend\main.tf.module.frontend.aws_s3_bucket_lifecycle_configuration.this" file="\modules\frontend\main.tf"/>
		<testcase name="[NONE][CKV_AWS_1] Ensure IAM policies that allow full &quot;*-*&quot; administrative privileges are not created" classname="\modules\frontend\main.tf.module.frontend.aws_iam_policy_document.oac" file="\modules\frontend\main.tf"/>
		<testcase name="[NONE][CKV_AWS_358] Ensure AWS GitHub Actions OIDC authorization policies only allow safe claims and claim order" classname="\modules\frontend\main.tf.module.frontend.aws_iam_policy_document.oac" file="\modules\frontend\main.tf"/>
		<testcase name="[NONE][CKV_AWS_107] Ensure IAM policies does not allow credentials exposure" classname="\modules\frontend\main.tf.module.frontend.aws_iam_policy_document.oac" file="\modules\frontend\main.tf"/>
		<testcase name="[NONE][CKV_AWS_108] Ensure IAM policies does not allow data exfiltration" classname="\modules\frontend\main.tf.module.frontend.aws_iam_policy_document.oac" file="\modules\frontend\main.tf"/>
		<testcase name="[NONE][CKV_AWS_109] Ensure IAM policies does not allow permissions management / resource exposure without constraints" classname="\modules\frontend\main.tf.module.frontend.aws_iam_policy_document.oac" file="\modules\frontend\main.tf"/>
		<testcase name="[NONE][CKV_AWS_110] Ensure IAM policies does not allow privilege escalation" classname="\modules\frontend\main.tf.module.frontend.aws_iam_policy_document.oac" file="\modules\frontend\main.tf"/>
		<testcase name="[NONE][CKV_AWS_283] Ensure no IAM policies documents allow ALL or any AWS principal permissions to the resource" classname="\modules\frontend\main.tf.module.frontend.aws_iam_policy_document.oac" file="\modules\frontend\main.tf"/>
		<testcase name="[NONE][CKV_AWS_111] Ensure IAM policies does not allow write access without constraints" classname="\modules\frontend\main.tf.module.frontend.aws_iam_policy_document.oac" file="\modules\frontend\main.tf"/>
		<testcase name="[NONE][CKV_AWS_356] Ensure no IAM policies documents allow &quot;*&quot; as a statement's resource for restrictable actions" classname="\modules\frontend\main.tf.module.frontend.aws_iam_policy_document.oac" file="\modules\frontend\main.tf"/>
		<testcase name="[NONE][CKV_AWS_49] Ensure no IAM policies documents allow &quot;*&quot; as a statement's actions" classname="\modules\frontend\main.tf.module.frontend.aws_iam_policy_document.oac" file="\modules\frontend\main.tf"/>
		<testcase name="[NONE][CKV_AWS_27] Ensure all data stored in the SQS queue is encrypted" classname="\modules\messaging\main.tf.module.messaging.aws_sqs_queue.reservas_dlq" file="\modules\messaging\main.tf"/>
		<testcase name="[NONE][CKV_AWS_168] Ensure SQS queue policy is not public by only allowing specific services or principals to access it" classname="\modules\messaging\main.tf.module.messaging.aws_sqs_queue.reservas_dlq" file="\modules\messaging\main.tf"/>
		<testcase name="[NONE][CKV_AWS_27] Ensure all data stored in the SQS queue is encrypted" classname="\modules\messaging\main.tf.module.messaging.aws_sqs_queue.reservas" file="\modules\messaging\main.tf"/>
		<testcase name="[NONE][CKV_AWS_168] Ensure SQS queue policy is not public by only allowing specific services or principals to access it" classname="\modules\messaging\main.tf.module.messaging.aws_sqs_queue.reservas" file="\modules\messaging\main.tf"/>
		<testcase name="[NONE][CKV_AWS_26] Ensure all data stored in the SNS topic is encrypted" classname="\modules\messaging\main.tf.module.messaging.aws_sns_topic.notificaciones" file="\modules\messaging\main.tf"/>
		<testcase name="[NONE][CKV_AWS_191] Ensure ElastiCache replication group is encrypted by KMS using a customer managed Key (CMK)" classname="\modules\messaging\main.tf.module.messaging.aws_elasticache_replication_group.this" file="\modules\messaging\main.tf"/>
		<testcase name="[NONE][CKV_AWS_29] Ensure all data stored in the ElastiCache Replication Group is securely encrypted at rest" classname="\modules\messaging\main.tf.module.messaging.aws_elasticache_replication_group.this" file="\modules\messaging\main.tf"/>
		<testcase name="[NONE][CKV_AWS_30] Ensure all data stored in the ElastiCache Replication Group is securely encrypted at transit" classname="\modules\messaging\main.tf.module.messaging.aws_elasticache_replication_group.this" file="\modules\messaging\main.tf"/>
		<testcase name="[NONE][CKV_AWS_31] Ensure all data stored in the ElastiCache Replication Group is securely encrypted at transit and has auth token" classname="\modules\messaging\main.tf.module.messaging.aws_elasticache_replication_group.this" file="\modules\messaging\main.tf"/>
		<testcase name="[NONE][CKV_AWS_130] Ensure VPC subnets do not assign public IP by default" classname="\modules\network\main.tf.module.network.aws_subnet.private[0]" file="\modules\network\main.tf"/>
		<testcase name="[NONE][CKV_AWS_23] Ensure every security group and rule has a description" classname="\modules\network\main.tf.module.network.aws_security_group.alb" file="\modules\network\main.tf"/>
		<testcase name="[NONE][CKV_AWS_382] Ensure no security groups allow egress from 0.0.0.0:0 to port -1" classname="\modules\network\main.tf.module.network.aws_security_group.alb" file="\modules\network\main.tf"/>
		<testcase name="[NONE][CKV_AWS_24] Ensure no security groups allow ingress from 0.0.0.0:0 to port 22" classname="\modules\network\main.tf.module.network.aws_security_group.alb" file="\modules\network\main.tf"/>
		<testcase name="[NONE][CKV_AWS_25] Ensure no security groups allow ingress from 0.0.0.0:0 to port 3389" classname="\modules\network\main.tf.module.network.aws_security_group.alb" file="\modules\network\main.tf"/>
		<testcase name="[NONE][CKV_AWS_260] Ensure no security groups allow ingress from 0.0.0.0:0 to port 80" classname="\modules\network\main.tf.module.network.aws_security_group.alb" file="\modules\network\main.tf"/>
		<testcase name="[NONE][CKV_AWS_277] Ensure no security groups allow ingress from 0.0.0.0:0 to port -1" classname="\modules\network\main.tf.module.network.aws_security_group.alb" file="\modules\network\main.tf"/>
		<testcase name="[NONE][CKV_AWS_23] Ensure every security group and rule has a description" classname="\modules\network\main.tf.module.network.aws_security_group.ecs" file="\modules\network\main.tf"/>
		<testcase name="[NONE][CKV_AWS_382] Ensure no security groups allow egress from 0.0.0.0:0 to port -1" classname="\modules\network\main.tf.module.network.aws_security_group.ecs" file="\modules\network\main.tf"/>
		<testcase name="[NONE][CKV_AWS_24] Ensure no security groups allow ingress from 0.0.0.0:0 to port 22" classname="\modules\network\main.tf.module.network.aws_security_group.ecs" file="\modules\network\main.tf"/>
		<testcase name="[NONE][CKV_AWS_25] Ensure no security groups allow ingress from 0.0.0.0:0 to port 3389" classname="\modules\network\main.tf.module.network.aws_security_group.ecs" file="\modules\network\main.tf"/>
		<testcase name="[NONE][CKV_AWS_260] Ensure no security groups allow ingress from 0.0.0.0:0 to port 80" classname="\modules\network\main.tf.module.network.aws_security_group.ecs" file="\modules\network\main.tf"/>
		<testcase name="[NONE][CKV_AWS_277] Ensure no security groups allow ingress from 0.0.0.0:0 to port -1" classname="\modules\network\main.tf.module.network.aws_security_group.ecs" file="\modules\network\main.tf"/>
		<testcase name="[NONE][CKV_AWS_23] Ensure every security group and rule has a description" classname="\modules\network\main.tf.module.network.aws_security_group.proxy" file="\modules\network\main.tf"/>
		<testcase name="[NONE][CKV_AWS_382] Ensure no security groups allow egress from 0.0.0.0:0 to port -1" classname="\modules\network\main.tf.module.network.aws_security_group.proxy" file="\modules\network\main.tf"/>
		<testcase name="[NONE][CKV_AWS_24] Ensure no security groups allow ingress from 0.0.0.0:0 to port 22" classname="\modules\network\main.tf.module.network.aws_security_group.proxy" file="\modules\network\main.tf"/>
		<testcase name="[NONE][CKV_AWS_25] Ensure no security groups allow ingress from 0.0.0.0:0 to port 3389" classname="\modules\network\main.tf.module.network.aws_security_group.proxy" file="\modules\network\main.tf"/>
		<testcase name="[NONE][CKV_AWS_260] Ensure no security groups allow ingress from 0.0.0.0:0 to port 80" classname="\modules\network\main.tf.module.network.aws_security_group.proxy" file="\modules\network\main.tf"/>
		<testcase name="[NONE][CKV_AWS_277] Ensure no security groups allow ingress from 0.0.0.0:0 to port -1" classname="\modules\network\main.tf.module.network.aws_security_group.proxy" file="\modules\network\main.tf"/>
		<testcase name="[NONE][CKV_AWS_23] Ensure every security group and rule has a description" classname="\modules\network\main.tf.module.network.aws_security_group.aurora" file="\modules\network\main.tf"/>
		<testcase name="[NONE][CKV_AWS_382] Ensure no security groups allow egress from 0.0.0.0:0 to port -1" classname="\modules\network\main.tf.module.network.aws_security_group.aurora" file="\modules\network\main.tf"/>
		<testcase name="[NONE][CKV_AWS_24] Ensure no security groups allow ingress from 0.0.0.0:0 to port 22" classname="\modules\network\main.tf.module.network.aws_security_group.aurora" file="\modules\network\main.tf"/>
		<testcase name="[NONE][CKV_AWS_25] Ensure no security groups allow ingress from 0.0.0.0:0 to port 3389" classname="\modules\network\main.tf.module.network.aws_security_group.aurora" file="\modules\network\main.tf"/>
		<testcase name="[NONE][CKV_AWS_260] Ensure no security groups allow ingress from 0.0.0.0:0 to port 80" classname="\modules\network\main.tf.module.network.aws_security_group.aurora" file="\modules\network\main.tf"/>
		<testcase name="[NONE][CKV_AWS_277] Ensure no security groups allow ingress from 0.0.0.0:0 to port -1" classname="\modules\network\main.tf.module.network.aws_security_group.aurora" file="\modules\network\main.tf"/>
		<testcase name="[NONE][CKV_AWS_23] Ensure every security group and rule has a description" classname="\modules\network\main.tf.module.network.aws_security_group.redis" file="\modules\network\main.tf"/>
		<testcase name="[NONE][CKV_AWS_382] Ensure no security groups allow egress from 0.0.0.0:0 to port -1" classname="\modules\network\main.tf.module.network.aws_security_group.redis" file="\modules\network\main.tf"/>
		<testcase name="[NONE][CKV_AWS_24] Ensure no security groups allow ingress from 0.0.0.0:0 to port 22" classname="\modules\network\main.tf.module.network.aws_security_group.redis" file="\modules\network\main.tf"/>
		<testcase name="[NONE][CKV_AWS_25] Ensure no security groups allow ingress from 0.0.0.0:0 to port 3389" classname="\modules\network\main.tf.module.network.aws_security_group.redis" file="\modules\network\main.tf"/>
		<testcase name="[NONE][CKV_AWS_260] Ensure no security groups allow ingress from 0.0.0.0:0 to port 80" classname="\modules\network\main.tf.module.network.aws_security_group.redis" file="\modules\network\main.tf"/>
		<testcase name="[NONE][CKV_AWS_277] Ensure no security groups allow ingress from 0.0.0.0:0 to port -1" classname="\modules\network\main.tf.module.network.aws_security_group.redis" file="\modules\network\main.tf"/>
		<testcase name="[NONE][CKV_AWS_227] Ensure KMS key is enabled" classname="\modules\network\main.tf.module.network.aws_kms_key.flow" file="\modules\network\main.tf"/>
		<testcase name="[NONE][CKV_AWS_33] Ensure KMS key policy does not contain wildcard (*) principal" classname="\modules\network\main.tf.module.network.aws_kms_key.flow" file="\modules\network\main.tf"/>
		<testcase name="[NONE][CKV_AWS_7] Ensure rotation for customer created CMKs is enabled" classname="\modules\network\main.tf.module.network.aws_kms_key.flow" file="\modules\network\main.tf"/>
		<testcase name="[NONE][CKV_AWS_158] Ensure that CloudWatch Log Group is encrypted by KMS" classname="\modules\network\main.tf.module.network.aws_cloudwatch_log_group.flow" file="\modules\network\main.tf"/>
		<testcase name="[NONE][CKV_AWS_66] Ensure that CloudWatch Log Group specifies retention days" classname="\modules\network\main.tf.module.network.aws_cloudwatch_log_group.flow" file="\modules\network\main.tf"/>
		<testcase name="[NONE][CKV_AWS_338] Ensure CloudWatch log groups retains logs for at least 1 year" classname="\modules\network\main.tf.module.network.aws_cloudwatch_log_group.flow" file="\modules\network\main.tf"/>
		<testcase name="[NONE][CKV_AWS_393] Ensure AWS GitHub Actions OIDC authorization policies only allow safe claims and claim order on IAM role" classname="\modules\network\main.tf.module.network.aws_iam_role.flow" file="\modules\network\main.tf"/>
		<testcase name="[NONE][CKV_AWS_274] Disallow IAM roles, users, and groups from using the AWS AdministratorAccess policy" classname="\modules\network\main.tf.module.network.aws_iam_role.flow" file="\modules\network\main.tf"/>
		<testcase name="[NONE][CKV_AWS_61] Ensure AWS IAM policy does not allow assume role permission across all services" classname="\modules\network\main.tf.module.network.aws_iam_role.flow" file="\modules\network\main.tf"/>
		<testcase name="[NONE][CKV_AWS_60] Ensure IAM role allows only specific services or principals to assume it" classname="\modules\network\main.tf.module.network.aws_iam_role.flow" file="\modules\network\main.tf"/>
		<testcase name="[NONE][CKV_AWS_62] Ensure IAM policies that allow full &quot;*-*&quot; administrative privileges are not created" classname="\modules\network\main.tf.module.network.aws_iam_role_policy.flow" file="\modules\network\main.tf"/>
		<testcase name="[NONE][CKV_AWS_287] Ensure IAM policies does not allow credentials exposure" classname="\modules\network\main.tf.module.network.aws_iam_role_policy.flow" file="\modules\network\main.tf"/>
		<testcase name="[NONE][CKV_AWS_288] Ensure IAM policies does not allow data exfiltration" classname="\modules\network\main.tf.module.network.aws_iam_role_policy.flow" file="\modules\network\main.tf"/>
		<testcase name="[NONE][CKV_AWS_289] Ensure IAM policies does not allow permissions management / resource exposure without constraints" classname="\modules\network\main.tf.module.network.aws_iam_role_policy.flow" file="\modules\network\main.tf"/>
		<testcase name="[NONE][CKV_AWS_286] Ensure IAM policies does not allow privilege escalation" classname="\modules\network\main.tf.module.network.aws_iam_role_policy.flow" file="\modules\network\main.tf"/>
		<testcase name="[NONE][CKV_AWS_63] Ensure no IAM policies documents allow &quot;*&quot; as a statement's actions" classname="\modules\network\main.tf.module.network.aws_iam_role_policy.flow" file="\modules\network\main.tf"/>
		<testcase name="[NONE][CKV_AWS_355] Ensure no IAM policies documents allow &quot;*&quot; as a statement's resource for restrictable actions" classname="\modules\network\main.tf.module.network.aws_iam_role_policy.flow" file="\modules\network\main.tf"/>
		<testcase name="[NONE][CKV_AWS_290] Ensure IAM policies does not allow write access without constraints" classname="\modules\network\main.tf.module.network.aws_iam_role_policy.flow" file="\modules\network\main.tf"/>
		<testcase name="[NONE][CKV_AWS_130] Ensure VPC subnets do not assign public IP by default" classname="\modules\network\main.tf.module.network.aws_subnet.private[1]" file="\modules\network\main.tf"/>
		<testcase name="[NONE][CKV_AWS_158] Ensure that CloudWatch Log Group is encrypted by KMS" classname="\modules\observability\main.tf.module.observability.aws_cloudwatch_log_group.ecs" file="\modules\observability\main.tf"/>
		<testcase name="[NONE][CKV_AWS_66] Ensure that CloudWatch Log Group specifies retention days" classname="\modules\observability\main.tf.module.observability.aws_cloudwatch_log_group.ecs" file="\modules\observability\main.tf"/>
		<testcase name="[NONE][CKV_AWS_338] Ensure CloudWatch log groups retains logs for at least 1 year" classname="\modules\observability\main.tf.module.observability.aws_cloudwatch_log_group.ecs" file="\modules\observability\main.tf"/>
		<testcase name="[NONE][CKV_AWS_158] Ensure that CloudWatch Log Group is encrypted by KMS" classname="\modules\observability\main.tf.module.observability.aws_cloudwatch_log_group.alb" file="\modules\observability\main.tf"/>
		<testcase name="[NONE][CKV_AWS_66] Ensure that CloudWatch Log Group specifies retention days" classname="\modules\observability\main.tf.module.observability.aws_cloudwatch_log_group.alb" file="\modules\observability\main.tf"/>
		<testcase name="[NONE][CKV_AWS_338] Ensure CloudWatch log groups retains logs for at least 1 year" classname="\modules\observability\main.tf.module.observability.aws_cloudwatch_log_group.alb" file="\modules\observability\main.tf"/>
		<testcase name="[NONE][CKV_AWS_319] Ensure that CloudWatch alarm actions are enabled" classname="\modules\observability\main.tf.module.observability.aws_cloudwatch_metric_alarm.alb_5xx" file="\modules\observability\main.tf"/>
		<testcase name="[NONE][CKV_AWS_319] Ensure that CloudWatch alarm actions are enabled" classname="\modules\observability\main.tf.module.observability.aws_cloudwatch_metric_alarm.alb_latency" file="\modules\observability\main.tf"/>
		<testcase name="[NONE][CKV_AWS_319] Ensure that CloudWatch alarm actions are enabled" classname="\modules\observability\main.tf.module.observability.aws_cloudwatch_metric_alarm.ecs_cpu" file="\modules\observability\main.tf"/>
		<testcase name="[NONE][CKV_AWS_41] Ensure no hard coded AWS access key and secret key exists in provider" classname="\providers.tf.aws.default" file="\providers.tf"/>
		<testcase name="[NONE][CKV_AWS_41] Ensure no hard coded AWS access key and secret key exists in provider" classname="\providers.tf.aws.us_east_1" file="\providers.tf"/>
		<testcase name="[NONE][CKV2_AWS_20] Ensure that ALB redirects HTTP requests into HTTPS ones" classname="\modules\compute\main.tf.module.compute.aws_lb.this" file="\modules\compute\main.tf"/>
		<testcase name="[NONE][CKV2_AWS_28] Ensure public facing ALB are protected by WAF" classname="\modules\compute\main.tf.module.compute.aws_lb.this" file="\modules\compute\main.tf"/>
		<testcase name="[NONE][CKV2_AWS_76] Ensure AWS ALB attached WAFv2 WebACL is configured with AMR for Log4j Vulnerability" classname="\modules\compute\main.tf.module.compute.aws_lb.this" file="\modules\compute\main.tf"/>
		<testcase name="[NONE][CKV2_AWS_77] Ensure AWS API Gateway Rest API attached WAFv2 WebACL is configured with AMR for Log4j Vulnerability" classname="\modules\compute\main.tf.module.compute.aws_apigatewayv2_api.this" file="\modules\compute\main.tf"/>
		<testcase name="[NONE][CKV2_AWS_51] Ensure AWS API Gateway endpoints uses client certificate authentication" classname="\modules\compute\main.tf.module.compute.aws_apigatewayv2_stage.this" file="\modules\compute\main.tf"/>
		<testcase name="[NONE][CKV2_AWS_42] Ensure AWS CloudFront distribution uses custom SSL certificate" classname="\modules\edge\main.tf.module.edge.aws_cloudfront_distribution.this" file="\modules\edge\main.tf"/>
		<testcase name="[NONE][CKV2_AWS_35] AWS NAT Gateways should be utilized for the default route" classname="\modules\network\main.tf.module.network.aws_route_table.private" file="\modules\network\main.tf"/>
		<testcase name="[NONE][CKV_AWS_103] Ensure that load balancer is using at least TLS 1.2" classname="\modules\compute\main.tf.module.compute.aws_lb_listener.https" file="\modules\compute\main.tf"/>
		<testcase name="[NONE][CKV_AWS_103] Ensure that load balancer is using at least TLS 1.2" classname="\modules\compute\main.tf.module.compute.aws_lb_listener.http_redirect" file="\modules\compute\main.tf"/>
		<testcase name="[NONE][CKV2_AWS_65] Ensure access control lists for S3 buckets are disabled" classname="\modules\edge\main.tf.module.edge.aws_s3_bucket_ownership_controls.cf_logs" file="\modules\edge\main.tf"/>
		<testcase name="[NONE][CKV2_AWS_65] Ensure access control lists for S3 buckets are disabled" classname="\modules\edge\main.tf.module.edge.aws_s3_bucket_ownership_controls.cf_failover" file="\modules\edge\main.tf"/>
		<testcase name="[NONE][CKV2_AWS_32] Ensure CloudFront distribution has a response headers policy attached" classname="\modules\edge\main.tf.module.edge.aws_cloudfront_distribution.this" file="\modules\edge\main.tf"/>
		<testcase name="[NONE][CKV2_AWS_54] Ensure AWS CloudFront distribution is using secure SSL protocols for HTTPS communication" classname="\modules\edge\main.tf.module.edge.aws_cloudfront_distribution.this" file="\modules\edge\main.tf"/>
		<testcase name="[NONE][CKV2_AWS_47] Ensure AWS CloudFront attached WAFv2 WebACL is configured with AMR for Log4j Vulnerability" classname="\modules\edge\main.tf.module.edge.aws_cloudfront_distribution.this" file="\modules\edge\main.tf"/>
		<testcase name="[NONE][CKV2_AWS_56] Ensure AWS Managed IAMFullAccess IAM policy is not used." classname="\iam\main.tf.module.iam.aws_iam_role.terraform[&quot;messaging&quot;]" file="\iam\main.tf"/>
		<testcase name="[NONE][CKV2_AWS_56] Ensure AWS Managed IAMFullAccess IAM policy is not used." classname="\iam\main.tf.module.iam.aws_iam_role.ecs_execution" file="\iam\main.tf"/>
		<testcase name="[NONE][CKV2_AWS_56] Ensure AWS Managed IAMFullAccess IAM policy is not used." classname="\iam\main.tf.module.iam.aws_iam_role.ecs_task" file="\iam\main.tf"/>
		<testcase name="[NONE][CKV2_AWS_56] Ensure AWS Managed IAMFullAccess IAM policy is not used." classname="\iam\main.tf.module.iam.aws_iam_role.rds_proxy" file="\iam\main.tf"/>
		<testcase name="[NONE][CKV2_AWS_56] Ensure AWS Managed IAMFullAccess IAM policy is not used." classname="\modules\data\main.tf.module.data.aws_iam_role_policy_attachment.backup" file="\modules\data\main.tf"/>
		<testcase name="[NONE][CKV2_AWS_56] Ensure AWS Managed IAMFullAccess IAM policy is not used." classname="\modules\network\main.tf.module.network.aws_iam_role.flow" file="\modules\network\main.tf"/>
		<testcase name="[NONE][CKV2_AWS_56] Ensure AWS Managed IAMFullAccess IAM policy is not used." classname="\iam\main.tf.module.iam.aws_iam_role.terraform[&quot;frontend&quot;]" file="\iam\main.tf"/>
		<testcase name="[NONE][CKV2_AWS_56] Ensure AWS Managed IAMFullAccess IAM policy is not used." classname="\iam\main.tf.module.iam.aws_iam_role.terraform[&quot;data&quot;]" file="\iam\main.tf"/>
		<testcase name="[NONE][CKV2_AWS_56] Ensure AWS Managed IAMFullAccess IAM policy is not used." classname="\iam\main.tf.module.iam.aws_iam_role.terraform[&quot;edge&quot;]" file="\iam\main.tf"/>
		<testcase name="[NONE][CKV2_AWS_56] Ensure AWS Managed IAMFullAccess IAM policy is not used." classname="\iam\main.tf.module.iam.aws_iam_role.terraform[&quot;compute&quot;]" file="\iam\main.tf"/>
		<testcase name="[NONE][CKV2_AWS_56] Ensure AWS Managed IAMFullAccess IAM policy is not used." classname="\iam\main.tf.module.iam.aws_iam_role.terraform[&quot;observability&quot;]" file="\iam\main.tf"/>
		<testcase name="[NONE][CKV2_AWS_50] Ensure AWS ElastiCache Redis cluster with Multi-AZ Automatic Failover feature set to enabled" classname="\modules\messaging\main.tf.module.messaging.aws_elasticache_replication_group.this" file="\modules\messaging\main.tf"/>
		<testcase name="[NONE][CKV2_AWS_74] Ensure AWS Load Balancers use strong ciphers" classname="\modules\compute\main.tf.module.compute.aws_lb_listener.http_redirect" file="\modules\compute\main.tf"/>
		<testcase name="[NONE][CKV2_AWS_74] Ensure AWS Load Balancers use strong ciphers" classname="\modules\compute\main.tf.module.compute.aws_lb_listener.https" file="\modules\compute\main.tf"/>
		<testcase name="[NONE][CKV2_AWS_8] Ensure that RDS clusters has backup plan of AWS Backup" classname="\modules\data\main.tf.module.data.aws_rds_cluster.this" file="\modules\data\main.tf"/>
		<testcase name="[NONE][CKV2_AWS_27] Ensure Postgres RDS as aws_rds_cluster has Query Logging enabled" classname="\modules\data\main.tf.module.data.aws_rds_cluster.this" file="\modules\data\main.tf"/>
		<testcase name="[NONE][CKV2_AWS_40] Ensure AWS IAM policy does not allow full IAM privileges" classname="\iam\main.tf.module.iam.aws_iam_policy_document.terraform_assume" file="\iam\main.tf"/>
		<testcase name="[NONE][CKV2_AWS_40] Ensure AWS IAM policy does not allow full IAM privileges" classname="\iam\main.tf.module.iam.aws_iam_policy_document.ecs_tasks_assume" file="\iam\main.tf"/>
		<testcase name="[NONE][CKV2_AWS_40] Ensure AWS IAM policy does not allow full IAM privileges" classname="\iam\main.tf.module.iam.aws_iam_policy_document.rds_proxy_assume" file="\iam\main.tf"/>
		<testcase name="[NONE][CKV2_AWS_40] Ensure AWS IAM policy does not allow full IAM privileges" classname="\modules\frontend\main.tf.module.frontend.aws_iam_policy_document.oac" file="\modules\frontend\main.tf"/>
		<testcase name="[NONE][CKV2_AWS_40] Ensure AWS IAM policy does not allow full IAM privileges" classname="\modules\network\main.tf.module.network.aws_iam_role_policy.flow" file="\modules\network\main.tf"/>
		<testcase name="[NONE][CKV2_AWS_64] Ensure KMS key Policy is defined" classname="\modules\data\main.tf.module.data.aws_kms_key.this" file="\modules\data\main.tf"/>
		<testcase name="[NONE][CKV2_AWS_64] Ensure KMS key Policy is defined" classname="\modules\edge\main.tf.module.edge.aws_kms_key.logs" file="\modules\edge\main.tf"/>
		<testcase name="[NONE][CKV2_AWS_64] Ensure KMS key Policy is defined" classname="\modules\edge\main.tf.module.edge.aws_kms_key.dnssec" file="\modules\edge\main.tf"/>
		<testcase name="[NONE][CKV2_AWS_64] Ensure KMS key Policy is defined" classname="\modules\network\main.tf.module.network.aws_kms_key.flow" file="\modules\network\main.tf"/>
		<testcase name="[NONE][CKV2_AWS_38] Ensure Domain Name System Security Extensions (DNSSEC) signing is enabled for Amazon Route 53 public hosted zones" classname="\modules\edge\main.tf.module.edge.aws_route53_zone.this" file="\modules\edge\main.tf"/>
		<testcase name="[NONE][CKV2_AWS_62] Ensure S3 buckets should have event notifications enabled" classname="\modules\frontend\main.tf.module.frontend.aws_s3_bucket.this" file="\modules\frontend\main.tf"/>
		<testcase name="[NONE][CKV_AWS_378] Ensure AWS Load Balancer doesn't use HTTP protocol" classname="\modules\compute\main.tf.module.compute.aws_lb_target_group.this" file="\modules\compute\main.tf"/>
		<testcase name="[NONE][CKV2_AWS_39] Ensure Domain Name System (DNS) query logging is enabled for Amazon Route 53 hosted zones" classname="\modules\edge\main.tf.module.edge.aws_route53_zone.this" file="\modules\edge\main.tf"/>
		<testcase name="[NONE][CKV2_AWS_57] Ensure Secrets Manager secrets should have automatic rotation enabled" classname="\modules\data\main.tf.module.data.aws_secretsmanager_secret.db" file="\modules\data\main.tf"/>
		<testcase name="[NONE][CKV_AWS_18] Ensure the S3 bucket has access logging enabled" classname="\modules\frontend\main.tf.module.frontend.aws_s3_bucket.this" file="\modules\frontend\main.tf"/>
		<testcase name="[NONE][CKV2_AWS_23] Route53 A Record has Attached Resource" classname="\modules\edge\main.tf.module.edge.aws_route53_record.root" file="\modules\edge\main.tf"/>
		<testcase name="[NONE][CKV2_AWS_61] Ensure that an S3 bucket has a lifecycle configuration" classname="\modules\compute\main.tf.module.compute.aws_s3_bucket.alb_logs" file="\modules\compute\main.tf"/>
		<testcase name="[NONE][CKV2_AWS_61] Ensure that an S3 bucket has a lifecycle configuration" classname="\modules\edge\main.tf.module.edge.aws_s3_bucket.cf_logs" file="\modules\edge\main.tf"/>
		<testcase name="[NONE][CKV2_AWS_61] Ensure that an S3 bucket has a lifecycle configuration" classname="\modules\edge\main.tf.module.edge.aws_s3_bucket.cf_failover" file="\modules\edge\main.tf"/>
		<testcase name="[NONE][CKV2_AWS_61] Ensure that an S3 bucket has a lifecycle configuration" classname="\modules\frontend\main.tf.module.frontend.aws_s3_bucket.this" file="\modules\frontend\main.tf"/>
		<testcase name="[NONE][CKV2_AWS_31] Ensure WAF2 has a Logging Configuration" classname="\modules\edge\main.tf.module.edge.aws_wafv2_web_acl.this" file="\modules\edge\main.tf"/>
		<testcase name="[NONE][CKV2_AWS_11] Ensure VPC flow logging is enabled in all VPCs" classname="\modules\network\main.tf.module.network.aws_vpc.this" file="\modules\network\main.tf"/>
		<testcase name="[NONE][CKV2_AWS_44] Ensure AWS route table with VPC peering does not contain routes overly permissive to all traffic" classname="\modules\network\main.tf.module.network.aws_route_table.private" file="\modules\network\main.tf"/>
		<testcase name="[NONE][CKV_AWS_57] S3 Bucket has an ACL defined which allows public WRITE access." classname="\modules\compute\main.tf.module.compute.aws_s3_bucket.alb_logs" file="\modules\compute\main.tf"/>
		<testcase name="[NONE][CKV_AWS_57] S3 Bucket has an ACL defined which allows public WRITE access." classname="\modules\edge\main.tf.module.edge.aws_s3_bucket.cf_logs" file="\modules\edge\main.tf"/>
		<testcase name="[NONE][CKV_AWS_57] S3 Bucket has an ACL defined which allows public WRITE access." classname="\modules\edge\main.tf.module.edge.aws_s3_bucket.cf_failover" file="\modules\edge\main.tf"/>
		<testcase name="[NONE][CKV_AWS_57] S3 Bucket has an ACL defined which allows public WRITE access." classname="\modules\frontend\main.tf.module.frontend.aws_s3_bucket.this" file="\modules\frontend\main.tf"/>
		<testcase name="[NONE][CKV_AWS_20] S3 Bucket has an ACL defined which allows public READ access." classname="\modules\compute\main.tf.module.compute.aws_s3_bucket.alb_logs" file="\modules\compute\main.tf"/>
		<testcase name="[NONE][CKV_AWS_20] S3 Bucket has an ACL defined which allows public READ access." classname="\modules\edge\main.tf.module.edge.aws_s3_bucket.cf_logs" file="\modules\edge\main.tf"/>
		<testcase name="[NONE][CKV_AWS_20] S3 Bucket has an ACL defined which allows public READ access." classname="\modules\edge\main.tf.module.edge.aws_s3_bucket.cf_failover" file="\modules\edge\main.tf"/>
		<testcase name="[NONE][CKV_AWS_20] S3 Bucket has an ACL defined which allows public READ access." classname="\modules\frontend\main.tf.module.frontend.aws_s3_bucket.this" file="\modules\frontend\main.tf"/>
		<testcase name="[NONE][CKV_AWS_144] Ensure that S3 bucket has cross-region replication enabled" classname="\modules\frontend\main.tf.module.frontend.aws_s3_bucket.this" file="\modules\frontend\main.tf"/>
		<testcase name="[NONE][CKV_AWS_145] Ensure that S3 buckets are encrypted with KMS by default" classname="\modules\compute\main.tf.module.compute.aws_s3_bucket.alb_logs" file="\modules\compute\main.tf"/>
		<testcase name="[NONE][CKV_AWS_145] Ensure that S3 buckets are encrypted with KMS by default" classname="\modules\edge\main.tf.module.edge.aws_s3_bucket.cf_logs" file="\modules\edge\main.tf"/>
		<testcase name="[NONE][CKV_AWS_145] Ensure that S3 buckets are encrypted with KMS by default" classname="\modules\edge\main.tf.module.edge.aws_s3_bucket.cf_failover" file="\modules\edge\main.tf"/>
		<testcase name="[NONE][CKV_AWS_145] Ensure that S3 buckets are encrypted with KMS by default" classname="\modules\frontend\main.tf.module.frontend.aws_s3_bucket.this" file="\modules\frontend\main.tf"/>
		<testcase name="[NONE][CKV2_AWS_6] Ensure that S3 bucket has a Public Access block" classname="\modules\compute\main.tf.module.compute.aws_s3_bucket.alb_logs" file="\modules\compute\main.tf"/>
		<testcase name="[NONE][CKV2_AWS_6] Ensure that S3 bucket has a Public Access block" classname="\modules\edge\main.tf.module.edge.aws_s3_bucket.cf_logs" file="\modules\edge\main.tf"/>
		<testcase name="[NONE][CKV2_AWS_6] Ensure that S3 bucket has a Public Access block" classname="\modules\edge\main.tf.module.edge.aws_s3_bucket.cf_failover" file="\modules\edge\main.tf"/>
		<testcase name="[NONE][CKV2_AWS_6] Ensure that S3 bucket has a Public Access block" classname="\modules\frontend\main.tf.module.frontend.aws_s3_bucket.this" file="\modules\frontend\main.tf"/>
		<testcase name="[NONE][CKV_AWS_19] Ensure all data stored in the S3 bucket is securely encrypted at rest" classname="\modules\compute\main.tf.module.compute.aws_s3_bucket.alb_logs" file="\modules\compute\main.tf"/>
		<testcase name="[NONE][CKV_AWS_19] Ensure all data stored in the S3 bucket is securely encrypted at rest" classname="\modules\edge\main.tf.module.edge.aws_s3_bucket.cf_logs" file="\modules\edge\main.tf"/>
		<testcase name="[NONE][CKV_AWS_19] Ensure all data stored in the S3 bucket is securely encrypted at rest" classname="\modules\edge\main.tf.module.edge.aws_s3_bucket.cf_failover" file="\modules\edge\main.tf"/>
		<testcase name="[NONE][CKV_AWS_19] Ensure all data stored in the S3 bucket is securely encrypted at rest" classname="\modules\frontend\main.tf.module.frontend.aws_s3_bucket.this" file="\modules\frontend\main.tf"/>
		<testcase name="[NONE][CKV_AWS_21] Ensure all data stored in the S3 bucket have versioning enabled" classname="\modules\compute\main.tf.module.compute.aws_s3_bucket.alb_logs" file="\modules\compute\main.tf"/>
		<testcase name="[NONE][CKV_AWS_21] Ensure all data stored in the S3 bucket have versioning enabled" classname="\modules\edge\main.tf.module.edge.aws_s3_bucket.cf_logs" file="\modules\edge\main.tf"/>
		<testcase name="[NONE][CKV_AWS_21] Ensure all data stored in the S3 bucket have versioning enabled" classname="\modules\edge\main.tf.module.edge.aws_s3_bucket.cf_failover" file="\modules\edge\main.tf"/>
		<testcase name="[NONE][CKV_AWS_21] Ensure all data stored in the S3 bucket have versioning enabled" classname="\modules\frontend\main.tf.module.frontend.aws_s3_bucket.this" file="\modules\frontend\main.tf"/>
		<testcase name="[NONE][CKV2_AWS_12] Ensure the default security group of every VPC restricts all traffic" classname="\modules\network\main.tf.module.network.aws_vpc.this" file="\modules\network\main.tf"/>
		<testcase name="[NONE][CKV_AWS_7] Ensure rotation for customer created CMKs is enabled" classname="\modules\edge\main.tf.module.edge.aws_kms_key.dnssec" file="\modules\edge\main.tf">
			<skipped type="skipped" message="Las CMK asimetricas (ECC) para DNSSEC no soportan rotacion automatica"/>
		</testcase>
		<testcase name="[NONE][CKV2_AWS_46] Ensure AWS CloudFront Distribution with S3 have Origin Access set to enabled" classname="\modules\edge\main.tf.module.edge.aws_cloudfront_distribution.this" file="\modules\edge\main.tf">
			<skipped type="skipped" message="Falso positivo; el origen es un ALB, la referencia a S3 es solo para logs"/>
		</testcase>
		<testcase name="[NONE][CKV2_AWS_62] Ensure S3 buckets should have event notifications enabled" classname="\modules\compute\main.tf.module.compute.aws_s3_bucket.alb_logs" file="\modules\compute\main.tf">
			<skipped type="skipped" message="Bucket de solo escritura de logs de acceso, sin consumidor downstream que requiera notificaciones de eventos."/>
		</testcase>
		<testcase name="[NONE][CKV2_AWS_62] Ensure S3 buckets should have event notifications enabled" classname="\modules\edge\main.tf.module.edge.aws_s3_bucket.cf_logs" file="\modules\edge\main.tf">
			<skipped type="skipped" message="No se requieren notificaciones."/>
		</testcase>
		<testcase name="[NONE][CKV2_AWS_62] Ensure S3 buckets should have event notifications enabled" classname="\modules\edge\main.tf.module.edge.aws_s3_bucket.cf_failover" file="\modules\edge\main.tf">
			<skipped type="skipped" message="No se requieren notificaciones."/>
		</testcase>
		<testcase name="[NONE][CKV_AWS_18] Ensure the S3 bucket has access logging enabled" classname="\modules\compute\main.tf.module.compute.aws_s3_bucket.alb_logs" file="\modules\compute\main.tf">
			<skipped type="skipped" message="El bucket de logs del ALB no puede loggearse a si mismo (loop)."/>
		</testcase>
		<testcase name="[NONE][CKV_AWS_18] Ensure the S3 bucket has access logging enabled" classname="\modules\edge\main.tf.module.edge.aws_s3_bucket.cf_logs" file="\modules\edge\main.tf">
			<skipped type="skipped" message="El bucket de logs de CloudFront no se loggea a si mismo."/>
		</testcase>
		<testcase name="[NONE][CKV_AWS_18] Ensure the S3 bucket has access logging enabled" classname="\modules\edge\main.tf.module.edge.aws_s3_bucket.cf_failover" file="\modules\edge\main.tf">
			<skipped type="skipped" message="El bucket de failover no requiere logs."/>
		</testcase>
		<testcase name="[NONE][CKV2_AWS_5] Ensure that Security Groups are attached to another resource" classname="\modules\network\main.tf.module.network.aws_security_group.alb" file="\modules\network\main.tf">
			<skipped type="skipped" message="El SG se asocia al ALB en el modulo compute via output alb_sg_id"/>
		</testcase>
		<testcase name="[NONE][CKV2_AWS_5] Ensure that Security Groups are attached to another resource" classname="\modules\network\main.tf.module.network.aws_security_group.ecs" file="\modules\network\main.tf">
			<skipped type="skipped" message="El SG se asocia a ECS Fargate en el modulo compute via output ecs_sg_id"/>
		</testcase>
		<testcase name="[NONE][CKV2_AWS_5] Ensure that Security Groups are attached to another resource" classname="\modules\network\main.tf.module.network.aws_security_group.proxy" file="\modules\network\main.tf">
			<skipped type="skipped" message="El SG se asocia al RDS Proxy en el modulo data via output proxy_sg_id"/>
		</testcase>
		<testcase name="[NONE][CKV2_AWS_5] Ensure that Security Groups are attached to another resource" classname="\modules\network\main.tf.module.network.aws_security_group.aurora" file="\modules\network\main.tf">
			<skipped type="skipped" message="El SG se asocia al cluster Aurora en el modulo data via output aurora_sg_id"/>
		</testcase>
		<testcase name="[NONE][CKV2_AWS_5] Ensure that Security Groups are attached to another resource" classname="\modules\network\main.tf.module.network.aws_security_group.redis" file="\modules\network\main.tf">
			<skipped type="skipped" message="El SG se asocia a ElastiCache en el modulo messaging via output redis_sg_id"/>
		</testcase>
		<testcase name="[NONE][CKV_AWS_144] Ensure that S3 bucket has cross-region replication enabled" classname="\modules\compute\main.tf.module.compute.aws_s3_bucket.alb_logs" file="\modules\compute\main.tf">
			<skipped type="skipped" message="Replicacion cross-region no requerida para logs de acceso efimeros."/>
		</testcase>
		<testcase name="[NONE][CKV_AWS_144] Ensure that S3 bucket has cross-region replication enabled" classname="\modules\edge\main.tf.module.edge.aws_s3_bucket.cf_logs" file="\modules\edge\main.tf">
			<skipped type="skipped" message="No se requiere replicacion para logs."/>
		</testcase>
		<testcase name="[NONE][CKV_AWS_144] Ensure that S3 bucket has cross-region replication enabled" classname="\modules\edge\main.tf.module.edge.aws_s3_bucket.cf_failover" file="\modules\edge\main.tf">
			<skipped type="skipped" message="No se requiere replicacion para failover."/>
		</testcase>
	</testsuite>
</testsuites>
